<?xml version="1.0" encoding="UTF-8"?>
<!-- Generated by org.testng.reporters.JUnitReportReporter -->
<testsuite hostname="DANNYA01" failures="0" tests="1" name="requestTypes.DeleteTest" time="3.026" errors="0" timestamp="2023-07-24T13:08:39 IDT" skipped="0">
  <testcase classname="requestTypes.DeleteTest" name="deleteTEst" time="3.026"/>
  <system-out/>
</testsuite> <!-- requestTypes.DeleteTest -->
