<?xml version="1.0" encoding="UTF-8"?>
<!-- Generated by org.testng.reporters.JUnitReportReporter -->
<testsuite hostname="DANNYA01" failures="0" tests="1" name="requestTypes.PostTest" time="2.557" errors="0" timestamp="2023-07-25T11:12:07 IDT" skipped="0">
  <testcase classname="requestTypes.PostTest" name="postTest" time="2.557"/>
  <system-out/>
</testsuite> <!-- requestTypes.PostTest -->
