<?xml version="1.0" encoding="UTF-8"?>
<!-- Generated by org.testng.reporters.JUnitReportReporter -->
<testsuite hostname="DANNYA01" failures="0" tests="5" name="testAssigment.Testing" time="4.671" errors="0" timestamp="2023-07-25T11:36:07 IDT" skipped="0">
  <testcase classname="testAssigment.Testing" name="Test3" time="0.336"/>
  <system-out/>
  <testcase classname="testAssigment.Testing" name="Test5" time="0.277"/>
  <system-out/>
  <testcase classname="testAssigment.Testing" name="Test1" time="2.424"/>
  <system-out/>
  <testcase classname="testAssigment.Testing" name="Test4" time="0.315"/>
  <system-out/>
  <testcase classname="testAssigment.Testing" name="Test2" time="1.319"/>
  <system-out/>
</testsuite> <!-- testAssigment.Testing -->
