<?xml version="1.0" encoding="UTF-8"?>
<!-- Generated by org.testng.reporters.JUnitReportReporter -->
<testsuite hostname="DANNYA01" failures="0" tests="1" name="requestTypes.PutTest" time="3.541" errors="0" timestamp="2023-07-24T12:58:54 IDT" skipped="0">
  <testcase classname="requestTypes.PutTest" name="postTest" time="3.541"/>
  <system-out/>
</testsuite> <!-- requestTypes.PutTest -->
