<?xml version="1.0" encoding="UTF-8"?>
<!-- Generated by org.testng.reporters.JUnitReportReporter -->
<testsuite hostname="DANNYA01" failures="0" tests="4" name="testng.LerningTestNG" time="0.027" errors="0" timestamp="2023-07-24T18:21:58 IDT" skipped="0">
  <testcase classname="testng.LerningTestNG" name="test2" time="0.006"/>
  <system-out/>
  <testcase classname="testng.LerningTestNG" name="test3" time="0.003"/>
  <system-out/>
  <testcase classname="testng.LerningTestNG" name="test1" time="0.013"/>
  <system-out/>
  <testcase classname="testng.LerningTestNG" name="test1" time="0.005"/>
  <system-out/>
</testsuite> <!-- testng.LerningTestNG -->
