<?xml version="1.0" encoding="UTF-8"?>
<!-- Generated by org.testng.reporters.JUnitReportReporter -->
<testsuite hostname="DANNYA01" failures="0" tests="1" name="authtypes.BasicAuth" time="4.982" errors="0" timestamp="2023-07-24T14:36:31 IDT" skipped="0">
  <testcase classname="authtypes.BasicAuth" name="basicAuth" time="4.982"/>
  <system-out/>
</testsuite> <!-- authtypes.BasicAuth -->
