<?xml version="1.0" encoding="UTF-8"?>
<!-- Generated by org.testng.reporters.JUnitReportReporter -->
<testsuite hostname="DANNYA01" failures="0" tests="1" name="authtypes.PreemptiveAuth" time="4.392" errors="0" timestamp="2023-07-24T14:57:25 IDT" skipped="0">
  <testcase classname="authtypes.PreemptiveAuth" name="basicAuth" time="4.392"/>
  <system-out/>
</testsuite> <!-- authtypes.PreemptiveAuth -->
