<?xml version="1.0" encoding="UTF-8"?>
<!-- Generated by org.testng.reporters.JUnitReportReporter -->
<testsuite hostname="DANNYA01" failures="0" tests="1" name="requestTypes.PatchTest" time="3.308" errors="0" timestamp="2023-07-24T13:00:38 IDT" skipped="0">
  <testcase classname="requestTypes.PatchTest" name="postTest" time="3.308"/>
  <system-out/>
</testsuite> <!-- requestTypes.PatchTest -->
